<?xml version="1.0" encoding="UTF-8"?>
<testsuite xmlns:xsi="http://www.w3.org/2001/XMLSchema-instance" xsi:noNamespaceSchemaLocation="https://maven.apache.org/surefire/maven-surefire-plugin/xsd/surefire-test-report-3.0.xsd" version="3.0" name="br.com.rocketskills.petlov.Cadastro" time="2.957" tests="1" errors="1" skipped="0" failures="0">
  <properties>
    <property name="java.specification.version" value="22"/>
    <property name="sun.jnu.encoding" value="UTF-8"/>
    <property name="java.class.path" value="/Users/leandrosilva/Downloads/petlov1/target/test-classes:/Users/leandrosilva/Downloads/petlov1/target/classes:/Users/leandrosilva/.m2/repository/org/junit/jupiter/junit-jupiter/5.10.2/junit-jupiter-5.10.2.jar:/Users/leandrosilva/.m2/repository/org/junit/jupiter/junit-jupiter-api/5.10.2/junit-jupiter-api-5.10.2.jar:/Users/leandrosilva/.m2/repository/org/opentest4j/opentest4j/1.3.0/opentest4j-1.3.0.jar:/Users/leandrosilva/.m2/repository/org/junit/platform/junit-platform-commons/1.10.2/junit-platform-commons-1.10.2.jar:/Users/leandrosilva/.m2/repository/org/apiguardian/apiguardian-api/1.1.2/apiguardian-api-1.1.2.jar:/Users/leandrosilva/.m2/repository/org/junit/jupiter/junit-jupiter-params/5.10.2/junit-jupiter-params-5.10.2.jar:/Users/leandrosilva/.m2/repository/org/junit/jupiter/junit-jupiter-engine/5.10.2/junit-jupiter-engine-5.10.2.jar:/Users/leandrosilva/.m2/repository/org/junit/platform/junit-platform-engine/1.10.2/junit-platform-engine-1.10.2.jar:/Users/leandrosilva/.m2/repository/org/seleniumhq/selenium/selenium-java/4.20.0/selenium-java-4.20.0.jar:/Users/leandrosilva/.m2/repository/org/seleniumhq/selenium/selenium-api/4.20.0/selenium-api-4.20.0.jar:/Users/leandrosilva/.m2/repository/org/seleniumhq/selenium/selenium-chrome-driver/4.20.0/selenium-chrome-driver-4.20.0.jar:/Users/leandrosilva/.m2/repository/com/google/auto/service/auto-service-annotations/1.1.1/auto-service-annotations-1.1.1.jar:/Users/leandrosilva/.m2/repository/org/seleniumhq/selenium/selenium-chromium-driver/4.20.0/selenium-chromium-driver-4.20.0.jar:/Users/leandrosilva/.m2/repository/org/seleniumhq/selenium/selenium-json/4.20.0/selenium-json-4.20.0.jar:/Users/leandrosilva/.m2/repository/org/seleniumhq/selenium/selenium-manager/4.20.0/selenium-manager-4.20.0.jar:/Users/leandrosilva/.m2/repository/org/seleniumhq/selenium/selenium-devtools-v122/4.20.0/selenium-devtools-v122-4.20.0.jar:/Users/leandrosilva/.m2/repository/org/seleniumhq/selenium/selenium-devtools-v123/4.20.0/selenium-devtools-v123-4.20.0.jar:/Users/leandrosilva/.m2/repository/org/seleniumhq/selenium/selenium-devtools-v124/4.20.0/selenium-devtools-v124-4.20.0.jar:/Users/leandrosilva/.m2/repository/org/seleniumhq/selenium/selenium-devtools-v85/4.20.0/selenium-devtools-v85-4.20.0.jar:/Users/leandrosilva/.m2/repository/org/seleniumhq/selenium/selenium-edge-driver/4.20.0/selenium-edge-driver-4.20.0.jar:/Users/leandrosilva/.m2/repository/org/seleniumhq/selenium/selenium-firefox-driver/4.20.0/selenium-firefox-driver-4.20.0.jar:/Users/leandrosilva/.m2/repository/org/seleniumhq/selenium/selenium-http/4.20.0/selenium-http-4.20.0.jar:/Users/leandrosilva/.m2/repository/dev/failsafe/failsafe/3.3.2/failsafe-3.3.2.jar:/Users/leandrosilva/.m2/repository/org/seleniumhq/selenium/selenium-ie-driver/4.20.0/selenium-ie-driver-4.20.0.jar:/Users/leandrosilva/.m2/repository/org/seleniumhq/selenium/selenium-remote-driver/4.20.0/selenium-remote-driver-4.20.0.jar:/Users/leandrosilva/.m2/repository/com/google/guava/guava/33.1.0-jre/guava-33.1.0-jre.jar:/Users/leandrosilva/.m2/repository/com/google/guava/failureaccess/1.0.2/failureaccess-1.0.2.jar:/Users/leandrosilva/.m2/repository/com/google/guava/listenablefuture/9999.0-empty-to-avoid-conflict-with-guava/listenablefuture-9999.0-empty-to-avoid-conflict-with-guava.jar:/Users/leandrosilva/.m2/repository/com/google/code/findbugs/jsr305/3.0.2/jsr305-3.0.2.jar:/Users/leandrosilva/.m2/repository/org/checkerframework/checker-qual/3.42.0/checker-qual-3.42.0.jar:/Users/leandrosilva/.m2/repository/com/google/errorprone/error_prone_annotations/2.26.1/error_prone_annotations-2.26.1.jar:/Users/leandrosilva/.m2/repository/com/google/j2objc/j2objc-annotations/3.0.0/j2objc-annotations-3.0.0.jar:/Users/leandrosilva/.m2/repository/io/opentelemetry/semconv/opentelemetry-semconv/1.25.0-alpha/opentelemetry-semconv-1.25.0-alpha.jar:/Users/leandrosilva/.m2/repository/io/opentelemetry/opentelemetry-api/1.37.0/opentelemetry-api-1.37.0.jar:/Users/leandrosilva/.m2/repository/io/opentelemetry/opentelemetry-context/1.37.0/opentelemetry-context-1.37.0.jar:/Users/leandrosilva/.m2/repository/io/opentelemetry/opentelemetry-exporter-logging/1.37.0/opentelemetry-exporter-logging-1.37.0.jar:/Users/leandrosilva/.m2/repository/io/opentelemetry/opentelemetry-sdk-common/1.37.0/opentelemetry-sdk-common-1.37.0.jar:/Users/leandrosilva/.m2/repository/io/opentelemetry/opentelemetry-sdk-extension-autoconfigure-spi/1.37.0/opentelemetry-sdk-extension-autoconfigure-spi-1.37.0.jar:/Users/leandrosilva/.m2/repository/io/opentelemetry/opentelemetry-sdk-extension-autoconfigure/1.37.0/opentelemetry-sdk-extension-autoconfigure-1.37.0.jar:/Users/leandrosilva/.m2/repository/io/opentelemetry/opentelemetry-api-incubator/1.37.0-alpha/opentelemetry-api-incubator-1.37.0-alpha.jar:/Users/leandrosilva/.m2/repository/io/opentelemetry/opentelemetry-sdk-trace/1.37.0/opentelemetry-sdk-trace-1.37.0.jar:/Users/leandrosilva/.m2/repository/io/opentelemetry/opentelemetry-sdk/1.37.0/opentelemetry-sdk-1.37.0.jar:/Users/leandrosilva/.m2/repository/io/opentelemetry/opentelemetry-sdk-metrics/1.37.0/opentelemetry-sdk-metrics-1.37.0.jar:/Users/leandrosilva/.m2/repository/io/opentelemetry/opentelemetry-sdk-logs/1.37.0/opentelemetry-sdk-logs-1.37.0.jar:/Users/leandrosilva/.m2/repository/net/bytebuddy/byte-buddy/1.14.14/byte-buddy-1.14.14.jar:/Users/leandrosilva/.m2/repository/org/seleniumhq/selenium/selenium-os/4.20.0/selenium-os-4.20.0.jar:/Users/leandrosilva/.m2/repository/org/apache/commons/commons-exec/1.4.0/commons-exec-1.4.0.jar:/Users/leandrosilva/.m2/repository/org/seleniumhq/selenium/selenium-safari-driver/4.20.0/selenium-safari-driver-4.20.0.jar:/Users/leandrosilva/.m2/repository/org/seleniumhq/selenium/selenium-support/4.20.0/selenium-support-4.20.0.jar:"/>
    <property name="java.vm.vendor" value="Oracle Corporation"/>
    <property name="sun.arch.data.model" value="64"/>
    <property name="java.vendor.url" value="https://java.oracle.com/"/>
    <property name="user.timezone" value="America/Sao_Paulo"/>
    <property name="os.name" value="Mac OS X"/>
    <property name="java.vm.specification.version" value="22"/>
    <property name="user.country" value="BR"/>
    <property name="sun.java.launcher" value="SUN_STANDARD"/>
    <property name="sun.boot.library.path" value="/Users/leandrosilva/Library/Java/JavaVirtualMachines/openjdk-22.0.1/Contents/Home/lib"/>
    <property name="sun.java.command" value="/Users/leandrosilva/Downloads/petlov1/target/surefire/surefirebooter-20240619145040931_3.jar /Users/leandrosilva/Downloads/petlov1/target/surefire 2024-06-19T14-50-40_836-jvmRun1 surefire-20240619145040931_1tmp surefire_0-20240619145040931_2tmp"/>
    <property name="http.nonProxyHosts" value="local|*.local|169.254/16|*.169.254/16"/>
    <property name="jdk.debug" value="release"/>
    <property name="test" value="br.com.rocketskills.petlov.Cadastro"/>
    <property name="surefire.test.class.path" value="/Users/leandrosilva/Downloads/petlov1/target/test-classes:/Users/leandrosilva/Downloads/petlov1/target/classes:/Users/leandrosilva/.m2/repository/org/junit/jupiter/junit-jupiter/5.10.2/junit-jupiter-5.10.2.jar:/Users/leandrosilva/.m2/repository/org/junit/jupiter/junit-jupiter-api/5.10.2/junit-jupiter-api-5.10.2.jar:/Users/leandrosilva/.m2/repository/org/opentest4j/opentest4j/1.3.0/opentest4j-1.3.0.jar:/Users/leandrosilva/.m2/repository/org/junit/platform/junit-platform-commons/1.10.2/junit-platform-commons-1.10.2.jar:/Users/leandrosilva/.m2/repository/org/apiguardian/apiguardian-api/1.1.2/apiguardian-api-1.1.2.jar:/Users/leandrosilva/.m2/repository/org/junit/jupiter/junit-jupiter-params/5.10.2/junit-jupiter-params-5.10.2.jar:/Users/leandrosilva/.m2/repository/org/junit/jupiter/junit-jupiter-engine/5.10.2/junit-jupiter-engine-5.10.2.jar:/Users/leandrosilva/.m2/repository/org/junit/platform/junit-platform-engine/1.10.2/junit-platform-engine-1.10.2.jar:/Users/leandrosilva/.m2/repository/org/seleniumhq/selenium/selenium-java/4.20.0/selenium-java-4.20.0.jar:/Users/leandrosilva/.m2/repository/org/seleniumhq/selenium/selenium-api/4.20.0/selenium-api-4.20.0.jar:/Users/leandrosilva/.m2/repository/org/seleniumhq/selenium/selenium-chrome-driver/4.20.0/selenium-chrome-driver-4.20.0.jar:/Users/leandrosilva/.m2/repository/com/google/auto/service/auto-service-annotations/1.1.1/auto-service-annotations-1.1.1.jar:/Users/leandrosilva/.m2/repository/org/seleniumhq/selenium/selenium-chromium-driver/4.20.0/selenium-chromium-driver-4.20.0.jar:/Users/leandrosilva/.m2/repository/org/seleniumhq/selenium/selenium-json/4.20.0/selenium-json-4.20.0.jar:/Users/leandrosilva/.m2/repository/org/seleniumhq/selenium/selenium-manager/4.20.0/selenium-manager-4.20.0.jar:/Users/leandrosilva/.m2/repository/org/seleniumhq/selenium/selenium-devtools-v122/4.20.0/selenium-devtools-v122-4.20.0.jar:/Users/leandrosilva/.m2/repository/org/seleniumhq/selenium/selenium-devtools-v123/4.20.0/selenium-devtools-v123-4.20.0.jar:/Users/leandrosilva/.m2/repository/org/seleniumhq/selenium/selenium-devtools-v124/4.20.0/selenium-devtools-v124-4.20.0.jar:/Users/leandrosilva/.m2/repository/org/seleniumhq/selenium/selenium-devtools-v85/4.20.0/selenium-devtools-v85-4.20.0.jar:/Users/leandrosilva/.m2/repository/org/seleniumhq/selenium/selenium-edge-driver/4.20.0/selenium-edge-driver-4.20.0.jar:/Users/leandrosilva/.m2/repository/org/seleniumhq/selenium/selenium-firefox-driver/4.20.0/selenium-firefox-driver-4.20.0.jar:/Users/leandrosilva/.m2/repository/org/seleniumhq/selenium/selenium-http/4.20.0/selenium-http-4.20.0.jar:/Users/leandrosilva/.m2/repository/dev/failsafe/failsafe/3.3.2/failsafe-3.3.2.jar:/Users/leandrosilva/.m2/repository/org/seleniumhq/selenium/selenium-ie-driver/4.20.0/selenium-ie-driver-4.20.0.jar:/Users/leandrosilva/.m2/repository/org/seleniumhq/selenium/selenium-remote-driver/4.20.0/selenium-remote-driver-4.20.0.jar:/Users/leandrosilva/.m2/repository/com/google/guava/guava/33.1.0-jre/guava-33.1.0-jre.jar:/Users/leandrosilva/.m2/repository/com/google/guava/failureaccess/1.0.2/failureaccess-1.0.2.jar:/Users/leandrosilva/.m2/repository/com/google/guava/listenablefuture/9999.0-empty-to-avoid-conflict-with-guava/listenablefuture-9999.0-empty-to-avoid-conflict-with-guava.jar:/Users/leandrosilva/.m2/repository/com/google/code/findbugs/jsr305/3.0.2/jsr305-3.0.2.jar:/Users/leandrosilva/.m2/repository/org/checkerframework/checker-qual/3.42.0/checker-qual-3.42.0.jar:/Users/leandrosilva/.m2/repository/com/google/errorprone/error_prone_annotations/2.26.1/error_prone_annotations-2.26.1.jar:/Users/leandrosilva/.m2/repository/com/google/j2objc/j2objc-annotations/3.0.0/j2objc-annotations-3.0.0.jar:/Users/leandrosilva/.m2/repository/io/opentelemetry/semconv/opentelemetry-semconv/1.25.0-alpha/opentelemetry-semconv-1.25.0-alpha.jar:/Users/leandrosilva/.m2/repository/io/opentelemetry/opentelemetry-api/1.37.0/opentelemetry-api-1.37.0.jar:/Users/leandrosilva/.m2/repository/io/opentelemetry/opentelemetry-context/1.37.0/opentelemetry-context-1.37.0.jar:/Users/leandrosilva/.m2/repository/io/opentelemetry/opentelemetry-exporter-logging/1.37.0/opentelemetry-exporter-logging-1.37.0.jar:/Users/leandrosilva/.m2/repository/io/opentelemetry/opentelemetry-sdk-common/1.37.0/opentelemetry-sdk-common-1.37.0.jar:/Users/leandrosilva/.m2/repository/io/opentelemetry/opentelemetry-sdk-extension-autoconfigure-spi/1.37.0/opentelemetry-sdk-extension-autoconfigure-spi-1.37.0.jar:/Users/leandrosilva/.m2/repository/io/opentelemetry/opentelemetry-sdk-extension-autoconfigure/1.37.0/opentelemetry-sdk-extension-autoconfigure-1.37.0.jar:/Users/leandrosilva/.m2/repository/io/opentelemetry/opentelemetry-api-incubator/1.37.0-alpha/opentelemetry-api-incubator-1.37.0-alpha.jar:/Users/leandrosilva/.m2/repository/io/opentelemetry/opentelemetry-sdk-trace/1.37.0/opentelemetry-sdk-trace-1.37.0.jar:/Users/leandrosilva/.m2/repository/io/opentelemetry/opentelemetry-sdk/1.37.0/opentelemetry-sdk-1.37.0.jar:/Users/leandrosilva/.m2/repository/io/opentelemetry/opentelemetry-sdk-metrics/1.37.0/opentelemetry-sdk-metrics-1.37.0.jar:/Users/leandrosilva/.m2/repository/io/opentelemetry/opentelemetry-sdk-logs/1.37.0/opentelemetry-sdk-logs-1.37.0.jar:/Users/leandrosilva/.m2/repository/net/bytebuddy/byte-buddy/1.14.14/byte-buddy-1.14.14.jar:/Users/leandrosilva/.m2/repository/org/seleniumhq/selenium/selenium-os/4.20.0/selenium-os-4.20.0.jar:/Users/leandrosilva/.m2/repository/org/apache/commons/commons-exec/1.4.0/commons-exec-1.4.0.jar:/Users/leandrosilva/.m2/repository/org/seleniumhq/selenium/selenium-safari-driver/4.20.0/selenium-safari-driver-4.20.0.jar:/Users/leandrosilva/.m2/repository/org/seleniumhq/selenium/selenium-support/4.20.0/selenium-support-4.20.0.jar:"/>
    <property name="sun.cpu.endian" value="little"/>
    <property name="user.home" value="/Users/leandrosilva"/>
    <property name="user.language" value="pt"/>
    <property name="java.specification.vendor" value="Oracle Corporation"/>
    <property name="java.version.date" value="2024-04-16"/>
    <property name="java.home" value="/Users/leandrosilva/Library/Java/JavaVirtualMachines/openjdk-22.0.1/Contents/Home"/>
    <property name="file.separator" value="/"/>
    <property name="basedir" value="/Users/leandrosilva/Downloads/petlov1"/>
    <property name="java.vm.compressedOopsMode" value="Zero based"/>
    <property name="line.separator" value="&#10;"/>
    <property name="java.vm.specification.vendor" value="Oracle Corporation"/>
    <property name="java.specification.name" value="Java Platform API Specification"/>
    <property name="apple.awt.application.name" value="ForkedBooter"/>
    <property name="surefire.real.class.path" value="/Users/leandrosilva/Downloads/petlov1/target/surefire/surefirebooter-20240619145040931_3.jar"/>
    <property name="sun.management.compiler" value="HotSpot 64-Bit Tiered Compilers"/>
    <property name="ftp.nonProxyHosts" value="local|*.local|169.254/16|*.169.254/16"/>
    <property name="java.runtime.version" value="22.0.1+8-16"/>
    <property name="user.name" value="leandrosilva"/>
    <property name="stdout.encoding" value="UTF-8"/>
    <property name="path.separator" value=":"/>
    <property name="os.version" value="14.0"/>
    <property name="java.runtime.name" value="OpenJDK Runtime Environment"/>
    <property name="file.encoding" value="UTF-8"/>
    <property name="java.vm.name" value="OpenJDK 64-Bit Server VM"/>
    <property name="maven.ext.class.path" value="/Users/leandrosilva/.vscode/extensions/oracle.oracle-java-22.0.1/nbcode/java/maven-nblib/netbeans-eventspy.jar"/>
    <property name="localRepository" value="/Users/leandrosilva/.m2/repository"/>
    <property name="java.vendor.url.bug" value="https://bugreport.java.com/bugreport/"/>
    <property name="java.io.tmpdir" value="/var/folders/ty/rpxtxlzx5d5dd3379nqf7pt80000gp/T/"/>
    <property name="java.version" value="22.0.1"/>
    <property name="user.dir" value="/Users/leandrosilva/Downloads/petlov1"/>
    <property name="os.arch" value="x86_64"/>
    <property name="java.vm.specification.name" value="Java Virtual Machine Specification"/>
    <property name="native.encoding" value="UTF-8"/>
    <property name="java.library.path" value="/Users/leandrosilva/Library/Java/Extensions:/Library/Java/Extensions:/Network/Library/Java/Extensions:/System/Library/Java/Extensions:/usr/lib/java:."/>
    <property name="java.vm.info" value="mixed mode, sharing"/>
    <property name="stderr.encoding" value="UTF-8"/>
    <property name="java.vendor" value="Oracle Corporation"/>
    <property name="java.vm.version" value="22.0.1+8-16"/>
    <property name="sun.io.unicode.encoding" value="UnicodeBig"/>
    <property name="socksNonProxyHosts" value="local|*.local|169.254/16|*.169.254/16"/>
    <property name="java.class.version" value="66.0"/>
  </properties>
  <testcase name="createPoint" classname="br.com.rocketskills.petlov.Cadastro" time="2.936">
    <error message="invalid selector: An invalid or illegal selector was specified&#10;  (Session info: chrome=120.0.6099.62)&#10;For documentation on this error, please visit: https://www.selenium.dev/documentation/webdriver/troubleshooting/errors#invalid-selector-exception&#10;Build info: version: &apos;4.20.0&apos;, revision: &apos;866c76ca80&apos;&#10;System info: os.name: &apos;Mac OS X&apos;, os.arch: &apos;x86_64&apos;, os.version: &apos;14.0&apos;, java.version: &apos;22.0.1&apos;&#10;Driver info: org.openqa.selenium.chrome.ChromeDriver&#10;Command: [d85d4d3b99249691384825811b0991eb, findElement {using=css selector, value=input[name=Buscar CEP]}]&#10;Capabilities {acceptInsecureCerts: false, browserName: chrome, browserVersion: 120.0.6099.62, chrome: {chromedriverVersion: 120.0.6099.109 (3419140ab66..., userDataDir: /var/folders/ty/rpxtxlzx5d5...}, fedcm:accounts: true, goog:chromeOptions: {debuggerAddress: localhost:49392}, networkConnectionEnabled: false, pageLoadStrategy: normal, platformName: mac, proxy: Proxy(), se:cdp: ws://localhost:49392/devtoo..., se:cdpVersion: 120.0.6099.62, setWindowRect: true, strictFileInteractability: false, timeouts: {implicit: 0, pageLoad: 300000, script: 30000}, unhandledPromptBehavior: dismiss and notify, webauthn:extension:credBlob: true, webauthn:extension:largeBlob: true, webauthn:extension:minPinLength: true, webauthn:extension:prf: true, webauthn:virtualAuthenticators: true}&#10;Session ID: d85d4d3b99249691384825811b0991eb" type="org.openqa.selenium.InvalidSelectorException"><![CDATA[org.openqa.selenium.InvalidSelectorException: 
invalid selector: An invalid or illegal selector was specified
  (Session info: chrome=120.0.6099.62)
For documentation on this error, please visit: https://www.selenium.dev/documentation/webdriver/troubleshooting/errors#invalid-selector-exception
Build info: version: '4.20.0', revision: '866c76ca80'
System info: os.name: 'Mac OS X', os.arch: 'x86_64', os.version: '14.0', java.version: '22.0.1'
Driver info: org.openqa.selenium.chrome.ChromeDriver
Command: [d85d4d3b99249691384825811b0991eb, findElement {using=css selector, value=input[name=Buscar CEP]}]
Capabilities {acceptInsecureCerts: false, browserName: chrome, browserVersion: 120.0.6099.62, chrome: {chromedriverVersion: 120.0.6099.109 (3419140ab66..., userDataDir: /var/folders/ty/rpxtxlzx5d5...}, fedcm:accounts: true, goog:chromeOptions: {debuggerAddress: localhost:49392}, networkConnectionEnabled: false, pageLoadStrategy: normal, platformName: mac, proxy: Proxy(), se:cdp: ws://localhost:49392/devtoo..., se:cdpVersion: 120.0.6099.62, setWindowRect: true, strictFileInteractability: false, timeouts: {implicit: 0, pageLoad: 300000, script: 30000}, unhandledPromptBehavior: dismiss and notify, webauthn:extension:credBlob: true, webauthn:extension:largeBlob: true, webauthn:extension:minPinLength: true, webauthn:extension:prf: true, webauthn:virtualAuthenticators: true}
Session ID: d85d4d3b99249691384825811b0991eb
	at java.base/jdk.internal.reflect.DirectConstructorHandleAccessor.newInstance(DirectConstructorHandleAccessor.java:62)
	at java.base/java.lang.reflect.Constructor.newInstanceWithCaller(Constructor.java:502)
	at java.base/java.lang.reflect.Constructor.newInstance(Constructor.java:486)
	at org.openqa.selenium.remote.ErrorCodec.decode(ErrorCodec.java:167)
	at org.openqa.selenium.remote.codec.w3c.W3CHttpResponseCodec.decode(W3CHttpResponseCodec.java:138)
	at org.openqa.selenium.remote.codec.w3c.W3CHttpResponseCodec.decode(W3CHttpResponseCodec.java:50)
	at org.openqa.selenium.remote.HttpCommandExecutor.execute(HttpCommandExecutor.java:190)
	at org.openqa.selenium.remote.service.DriverCommandExecutor.invokeExecute(DriverCommandExecutor.java:216)
	at org.openqa.selenium.remote.service.DriverCommandExecutor.execute(DriverCommandExecutor.java:174)
	at org.openqa.selenium.remote.RemoteWebDriver.execute(RemoteWebDriver.java:518)
	at org.openqa.selenium.remote.ElementLocation$ElementFinder$2.findElement(ElementLocation.java:165)
	at org.openqa.selenium.remote.ElementLocation.findElement(ElementLocation.java:59)
	at org.openqa.selenium.remote.RemoteWebDriver.findElement(RemoteWebDriver.java:355)
	at org.openqa.selenium.remote.RemoteWebDriver.findElement(RemoteWebDriver.java:349)
	at br.com.rocketskills.petlov.Cadastro.createPoint(Cadastro.java:47)
	at java.base/java.lang.reflect.Method.invoke(Method.java:580)
	at java.base/java.util.ArrayList.forEach(ArrayList.java:1597)
	at java.base/java.util.ArrayList.forEach(ArrayList.java:1597)
]]></error>
    <system-err><![CDATA[jun. 19, 2024 2:50:43 PM org.openqa.selenium.devtools.CdpVersionFinder findNearestMatch
WARNING: Unable to find CDP implementation matching 120
jun. 19, 2024 2:50:43 PM org.openqa.selenium.chromium.ChromiumDriver lambda$new$5
WARNING: Unable to find version of CDP to use for 120.0.6099.62. You may need to include a dependency on a specific version of the CDP using something similar to `org.seleniumhq.selenium:selenium-devtools-v86:4.20.0` where the version ("v86") matches the version of the chromium-based browser you're using and the version number of the artifact is the same as Selenium's.
]]></system-err>
  </testcase>
</testsuite>